<?xml version="1.0" encoding="UTF-8"?>
<testng-results ignored="0" total="1" passed="1" failed="0" skipped="0">
  <reporter-output>
  </reporter-output>
  <suite started-at="2021-11-24T23:14:32 BDT" name="Default suite" finished-at="2021-11-24T23:15:37 BDT" duration-ms="65462">
    <groups>
    </groups>
    <test started-at="2021-11-24T23:14:32 BDT" name="Default test" finished-at="2021-11-24T23:15:37 BDT" duration-ms="65462">
      <class name="com.projectboibazar.test.Boibazar.com.TC_1_Visitsite">
        <test-method is-config="true" signature="openDriver()[pri:0, instance:com.projectboibazar.test.Boibazar.com.TC_1_Visitsite@60f00693]" started-at="2021-11-24T23:14:30 BDT" name="openDriver" finished-at="2021-11-24T23:14:32 BDT" duration-ms="2004" status="PASS">
          <reporter-output>
          </reporter-output>
        </test-method> <!-- openDriver -->
        <test-method signature="boibazarOpen()[pri:0, instance:com.projectboibazar.test.Boibazar.com.TC_1_Visitsite@60f00693]" started-at="2021-11-24T23:14:32 BDT" name="boibazarOpen" finished-at="2021-11-24T23:15:37 BDT" duration-ms="65419" status="PASS">
          <reporter-output>
          </reporter-output>
        </test-method> <!-- boibazarOpen -->
        <test-method is-config="true" signature="closeDriver()[pri:0, instance:com.projectboibazar.test.Boibazar.com.TC_1_Visitsite@60f00693]" started-at="2021-11-24T23:15:37 BDT" name="closeDriver" finished-at="2021-11-24T23:15:37 BDT" duration-ms="136" status="PASS">
          <reporter-output>
          </reporter-output>
        </test-method> <!-- closeDriver -->
      </class> <!-- com.projectboibazar.test.Boibazar.com.TC_1_Visitsite -->
    </test> <!-- Default test -->
  </suite> <!-- Default suite -->
</testng-results>
